2023-04-14 15:44:21,860 [Worker-4: Loading available Gradle versions] INFO  o.e.b.c.i.u.g.PublishedGradleVersions - Gradle version information cache is up-to-date. Trying to read.
2023-04-14 16:40:13,329 [Worker-1: Loading available Gradle versions] INFO  o.e.b.c.i.u.g.PublishedGradleVersions - Gradle version information cache is up-to-date. Trying to read.
2023-04-14 21:21:18,463 [Worker-6: Loading available Gradle versions] INFO  o.e.b.c.i.u.g.PublishedGradleVersions - Gradle version information cache is up-to-date. Trying to read.
2023-04-15 08:10:50,520 [Worker-1: Loading available Gradle versions] INFO  o.e.b.c.i.u.g.PublishedGradleVersions - Gradle version information cache is up-to-date. Trying to read.
2023-04-15 18:03:50,877 [Worker-2: Loading available Gradle versions] INFO  o.e.b.c.i.u.g.PublishedGradleVersions - Gradle version information cache is out-of-date. Trying to update.
2023-04-15 19:05:45,900 [Worker-5: Loading available Gradle versions] INFO  o.e.b.c.i.u.g.PublishedGradleVersions - Gradle version information cache is up-to-date. Trying to read.
2023-04-16 05:19:49,962 [Worker-2: Loading available Gradle versions] INFO  o.e.b.c.i.u.g.PublishedGradleVersions - Gradle version information cache is up-to-date. Trying to read.
2023-04-16 05:21:37,293 [Worker-33: Building] WARN  o.e.m.c.i.embedder.EclipseLogger - Using platform encoding (UTF-8 actually) to copy filtered resources, i.e. build is platform dependent!
2023-04-16 05:21:37,345 [Worker-33: Building] INFO  o.e.m.c.i.embedder.EclipseLogger - Copying 0 resource
2023-04-16 05:21:37,356 [Worker-33: Building] WARN  o.e.m.c.i.embedder.EclipseLogger - Using platform encoding (UTF-8 actually) to copy filtered resources, i.e. build is platform dependent!
2023-04-16 05:21:37,357 [Worker-33: Building] INFO  o.e.m.c.i.embedder.EclipseLogger - Copying 0 resource
2023-04-16 05:21:39,061 [Worker-34: Building] INFO  o.e.m.c.i.embedder.EclipseLogger - Using 'UTF-8' encoding to copy filtered resources.
2023-04-16 05:21:39,062 [Worker-34: Building] INFO  o.e.m.c.i.embedder.EclipseLogger - skip non existing resourceDirectory E:\CODE\JSP AND SERVLET\hello_boy\src\main\resources
2023-04-16 05:21:39,068 [Worker-34: Building] INFO  o.e.m.c.i.embedder.EclipseLogger - Using 'UTF-8' encoding to copy filtered resources.
2023-04-16 05:21:39,068 [Worker-34: Building] INFO  o.e.m.c.i.embedder.EclipseLogger - skip non existing resourceDirectory E:\CODE\JSP AND SERVLET\hello_boy\src\test\resources
2023-04-16 16:26:17,076 [Worker-7: Loading available Gradle versions] INFO  o.e.b.c.i.u.g.PublishedGradleVersions - Gradle version information cache is up-to-date. Trying to read.
2023-04-17 16:45:12,281 [Worker-6: Loading available Gradle versions] INFO  o.e.b.c.i.u.g.PublishedGradleVersions - Gradle version information cache is out-of-date. Trying to update.
2023-04-17 17:17:05,868 [Worker-41: Building] INFO  o.e.m.c.i.embedder.EclipseLogger - Using 'UTF-8' encoding to copy filtered resources.
2023-04-17 17:17:05,879 [Worker-41: Building] INFO  o.e.m.c.i.embedder.EclipseLogger - skip non existing resourceDirectory E:\CODE\JSP AND SERVLET\hello_boy\src\main\resources
2023-04-17 17:17:05,884 [Worker-41: Building] INFO  o.e.m.c.i.embedder.EclipseLogger - Using 'UTF-8' encoding to copy filtered resources.
2023-04-17 17:17:05,884 [Worker-41: Building] INFO  o.e.m.c.i.embedder.EclipseLogger - skip non existing resourceDirectory E:\CODE\JSP AND SERVLET\hello_boy\src\test\resources
2023-04-17 17:17:38,976 [Worker-36: Building] INFO  o.e.m.c.i.embedder.EclipseLogger - Using 'UTF-8' encoding to copy filtered resources.
2023-04-17 17:17:38,977 [Worker-36: Building] INFO  o.e.m.c.i.embedder.EclipseLogger - skip non existing resourceDirectory E:\CODE\JSP AND SERVLET\hello_boy\src\main\resources
2023-04-17 17:17:38,982 [Worker-36: Building] INFO  o.e.m.c.i.embedder.EclipseLogger - Using 'UTF-8' encoding to copy filtered resources.
2023-04-17 17:17:38,983 [Worker-36: Building] INFO  o.e.m.c.i.embedder.EclipseLogger - skip non existing resourceDirectory E:\CODE\JSP AND SERVLET\hello_boy\src\test\resources
2023-04-17 17:26:13,479 [Worker-45: Building] INFO  o.e.m.c.i.embedder.EclipseLogger - Using 'UTF-8' encoding to copy filtered resources.
2023-04-17 17:26:13,480 [Worker-45: Building] INFO  o.e.m.c.i.embedder.EclipseLogger - skip non existing resourceDirectory E:\CODE\JSP AND SERVLET\hello_boy\src\main\resources
2023-04-17 17:26:13,482 [Worker-45: Building] INFO  o.e.m.c.i.embedder.EclipseLogger - Using 'UTF-8' encoding to copy filtered resources.
2023-04-17 17:26:13,482 [Worker-45: Building] INFO  o.e.m.c.i.embedder.EclipseLogger - skip non existing resourceDirectory E:\CODE\JSP AND SERVLET\hello_boy\src\test\resources
2023-04-17 17:26:17,729 [Worker-43: Download sources and javadoc] INFO  o.e.m.c.i.e.AbstractTransferListenerAdapter - Downloading https://repo.maven.apache.org/maven2/org/springframework/spring-context/5.2.11.RELEASE/spring-context-5.2.11.RELEASE-sources.jar
2023-04-17 17:26:18,840 [Worker-43: Download sources and javadoc] INFO  o.e.m.c.i.e.AbstractTransferListenerAdapter - Downloaded https://repo.maven.apache.org/maven2/org/springframework/spring-context/5.2.11.RELEASE/spring-context-5.2.11.RELEASE-sources.jar
2023-04-17 17:26:18,846 [Worker-43: Download sources and javadoc] INFO  o.e.m.j.internal.DownloadSourcesJob - Downloaded sources for org.springframework:spring-context:5.2.11.RELEASE
2023-04-17 17:26:18,972 [Worker-43: Download sources and javadoc] INFO  o.e.m.c.i.e.AbstractTransferListenerAdapter - Downloading https://repo.maven.apache.org/maven2/org/springframework/spring-aop/5.2.11.RELEASE/spring-aop-5.2.11.RELEASE-sources.jar
2023-04-17 17:26:19,144 [Worker-43: Download sources and javadoc] INFO  o.e.m.c.i.e.AbstractTransferListenerAdapter - Downloaded https://repo.maven.apache.org/maven2/org/springframework/spring-aop/5.2.11.RELEASE/spring-aop-5.2.11.RELEASE-sources.jar
2023-04-17 17:26:19,147 [Worker-43: Download sources and javadoc] INFO  o.e.m.j.internal.DownloadSourcesJob - Downloaded sources for org.springframework:spring-aop:5.2.11.RELEASE
2023-04-17 17:26:19,290 [Worker-43: Download sources and javadoc] INFO  o.e.m.c.i.e.AbstractTransferListenerAdapter - Downloading https://repo.maven.apache.org/maven2/org/springframework/spring-beans/5.2.11.RELEASE/spring-beans-5.2.11.RELEASE-sources.jar
2023-04-17 17:26:19,794 [Worker-43: Download sources and javadoc] INFO  o.e.m.c.i.e.AbstractTransferListenerAdapter - Downloaded https://repo.maven.apache.org/maven2/org/springframework/spring-beans/5.2.11.RELEASE/spring-beans-5.2.11.RELEASE-sources.jar
2023-04-17 17:26:19,798 [Worker-43: Download sources and javadoc] INFO  o.e.m.j.internal.DownloadSourcesJob - Downloaded sources for org.springframework:spring-beans:5.2.11.RELEASE
2023-04-17 17:26:19,929 [Worker-43: Download sources and javadoc] INFO  o.e.m.c.i.e.AbstractTransferListenerAdapter - Downloading https://repo.maven.apache.org/maven2/org/springframework/spring-expression/5.2.11.RELEASE/spring-expression-5.2.11.RELEASE-sources.jar
2023-04-17 17:26:20,088 [Worker-43: Download sources and javadoc] INFO  o.e.m.c.i.e.AbstractTransferListenerAdapter - Downloaded https://repo.maven.apache.org/maven2/org/springframework/spring-expression/5.2.11.RELEASE/spring-expression-5.2.11.RELEASE-sources.jar
2023-04-17 17:26:20,094 [Worker-43: Download sources and javadoc] INFO  o.e.m.j.internal.DownloadSourcesJob - Downloaded sources for org.springframework:spring-expression:5.2.11.RELEASE
2023-04-17 17:26:20,274 [Worker-43: Building] INFO  o.e.m.c.i.embedder.EclipseLogger - Using 'UTF-8' encoding to copy filtered resources.
2023-04-17 17:26:20,275 [Worker-43: Building] INFO  o.e.m.c.i.embedder.EclipseLogger - skip non existing resourceDirectory E:\CODE\JSP AND SERVLET\hello_boy\src\main\resources
2023-04-17 17:26:20,277 [Worker-43: Building] INFO  o.e.m.c.i.embedder.EclipseLogger - Using 'UTF-8' encoding to copy filtered resources.
2023-04-17 17:26:20,277 [Worker-43: Building] INFO  o.e.m.c.i.embedder.EclipseLogger - skip non existing resourceDirectory E:\CODE\JSP AND SERVLET\hello_boy\src\test\resources
2023-04-17 17:27:33,368 [Worker-46: Building] INFO  o.e.m.c.i.embedder.EclipseLogger - Using 'UTF-8' encoding to copy filtered resources.
2023-04-17 17:27:33,369 [Worker-46: Building] INFO  o.e.m.c.i.embedder.EclipseLogger - skip non existing resourceDirectory E:\CODE\JSP AND SERVLET\hello_boy\src\main\resources
2023-04-17 17:27:33,377 [Worker-46: Building] INFO  o.e.m.c.i.embedder.EclipseLogger - Using 'UTF-8' encoding to copy filtered resources.
2023-04-17 17:27:33,378 [Worker-46: Building] INFO  o.e.m.c.i.embedder.EclipseLogger - skip non existing resourceDirectory E:\CODE\JSP AND SERVLET\hello_boy\src\test\resources
2023-04-17 17:28:30,198 [Worker-43: Building] INFO  o.e.m.c.i.embedder.EclipseLogger - Using 'UTF-8' encoding to copy filtered resources.
2023-04-17 17:28:30,198 [Worker-43: Building] INFO  o.e.m.c.i.embedder.EclipseLogger - skip non existing resourceDirectory E:\CODE\JSP AND SERVLET\hello_boy\src\main\resources
2023-04-17 17:28:30,202 [Worker-43: Building] INFO  o.e.m.c.i.embedder.EclipseLogger - Using 'UTF-8' encoding to copy filtered resources.
2023-04-17 17:28:30,202 [Worker-43: Building] INFO  o.e.m.c.i.embedder.EclipseLogger - skip non existing resourceDirectory E:\CODE\JSP AND SERVLET\hello_boy\src\test\resources
2023-04-18 07:00:11,464 [Worker-1: Loading available Gradle versions] INFO  o.e.b.c.i.u.g.PublishedGradleVersions - Gradle version information cache is up-to-date. Trying to read.
2023-04-18 08:08:09,237 [Worker-4: Loading available Gradle versions] INFO  o.e.b.c.i.u.g.PublishedGradleVersions - Gradle version information cache is up-to-date. Trying to read.
2023-04-18 08:08:47,697 [Worker-15: Building] WARN  o.e.m.c.i.embedder.EclipseLogger - Using platform encoding (UTF-8 actually) to copy filtered resources, i.e. build is platform dependent!
2023-04-18 08:08:47,706 [Worker-15: Building] INFO  o.e.m.c.i.embedder.EclipseLogger - Copying 0 resource
2023-04-18 08:08:47,711 [Worker-15: Building] WARN  o.e.m.c.i.embedder.EclipseLogger - Using platform encoding (UTF-8 actually) to copy filtered resources, i.e. build is platform dependent!
2023-04-18 08:08:47,713 [Worker-15: Building] INFO  o.e.m.c.i.embedder.EclipseLogger - Copying 0 resource
2023-04-18 08:08:48,860 [Worker-15: Building] INFO  o.e.m.c.i.embedder.EclipseLogger - Using 'UTF-8' encoding to copy filtered resources.
2023-04-18 08:08:48,861 [Worker-15: Building] INFO  o.e.m.c.i.embedder.EclipseLogger - skip non existing resourceDirectory E:\CODE\JSP AND SERVLET\hello_boy\src\main\resources
2023-04-18 08:08:48,863 [Worker-15: Building] INFO  o.e.m.c.i.embedder.EclipseLogger - Using 'UTF-8' encoding to copy filtered resources.
2023-04-18 08:08:48,864 [Worker-15: Building] INFO  o.e.m.c.i.embedder.EclipseLogger - skip non existing resourceDirectory E:\CODE\JSP AND SERVLET\hello_boy\src\test\resources
2023-04-18 08:53:19,965 [Worker-2: Loading available Gradle versions] INFO  o.e.b.c.i.u.g.PublishedGradleVersions - Gradle version information cache is up-to-date. Trying to read.
2023-04-21 16:26:29,260 [Worker-2: Loading available Gradle versions] INFO  o.e.b.c.i.u.g.PublishedGradleVersions - Gradle version information cache is up-to-date. Trying to read.
2023-04-24 22:12:55,910 [Worker-4: Loading available Gradle versions] INFO  o.e.b.c.i.u.g.PublishedGradleVersions - Gradle version information cache is out-of-date. Trying to update.
2023-05-02 08:28:41,640 [Worker-4: Loading available Gradle versions] INFO  o.e.b.c.i.u.g.PublishedGradleVersions - Gradle version information cache is out-of-date. Trying to update.
2023-06-25 20:45:32,376 [Worker-1: Loading available Gradle versions] INFO  o.e.b.c.i.u.g.PublishedGradleVersions - Gradle version information cache is out-of-date. Trying to update.
2023-06-25 20:45:32,897 [Worker-1: Loading available Gradle versions] INFO  o.e.b.c.i.u.g.PublishedGradleVersions - Updating Gradle version information cache failed. Using outdated cache.
2023-07-26 06:51:30,253 [Worker-7: Loading available Gradle versions] INFO  o.e.b.c.i.u.g.PublishedGradleVersions - Gradle version information cache is out-of-date. Trying to update.
2023-07-27 14:32:33,551 [Worker-7: Loading available Gradle versions] INFO  o.e.b.c.i.u.g.PublishedGradleVersions - Gradle version information cache is out-of-date. Trying to update.
2023-07-28 19:26:25,728 [Worker-2: Loading available Gradle versions] INFO  o.e.b.c.i.u.g.PublishedGradleVersions - Gradle version information cache is up-to-date. Trying to read.
2024-01-31 17:09:14,392 [Worker-2: Loading available Gradle versions] INFO  o.e.b.c.i.u.g.PublishedGradleVersions - Gradle version information cache is out-of-date. Trying to update.
2024-02-06 15:35:17,376 [Worker-6: Loading available Gradle versions] INFO  o.e.b.c.i.u.g.PublishedGradleVersions - Gradle version information cache is out-of-date. Trying to update.
2024-02-06 22:29:53,170 [Worker-3: Loading available Gradle versions] INFO  o.e.b.c.i.u.g.PublishedGradleVersions - Gradle version information cache is up-to-date. Trying to read.
2024-02-07 17:55:04,820 [Worker-7: Loading available Gradle versions] INFO  o.e.b.c.i.u.g.PublishedGradleVersions - Gradle version information cache is out-of-date. Trying to update.
2024-02-07 17:55:05,971 [Worker-7: Loading available Gradle versions] INFO  o.e.b.c.i.u.g.PublishedGradleVersions - Updating Gradle version information cache failed. Using outdated cache.
2024-02-07 18:44:32,070 [Worker-6: Loading available Gradle versions] INFO  o.e.b.c.i.u.g.PublishedGradleVersions - Gradle version information cache is out-of-date. Trying to update.
2024-02-07 21:10:27,258 [Worker-2: Loading available Gradle versions] INFO  o.e.b.c.i.u.g.PublishedGradleVersions - Gradle version information cache is up-to-date. Trying to read.
2024-02-19 09:52:52,536 [Worker-7: Loading available Gradle versions] INFO  o.e.b.c.i.u.g.PublishedGradleVersions - Gradle version information cache is up-to-date. Trying to read.
2024-02-19 14:13:25,711 [Worker-2: Loading available Gradle versions] INFO  o.e.b.c.i.u.g.PublishedGradleVersions - Gradle version information cache is up-to-date. Trying to read.
2024-03-01 08:03:18,576 [Worker-1: Loading available Gradle versions] INFO  o.e.b.c.i.u.g.PublishedGradleVersions - Gradle version information cache is up-to-date. Trying to read.
2024-03-08 10:05:21,760 [Worker-3: Loading available Gradle versions] INFO  o.e.b.c.i.u.g.PublishedGradleVersions - Gradle version information cache is up-to-date. Trying to read.
2024-03-08 13:45:17,028 [Worker-1: Loading available Gradle versions] INFO  o.e.b.c.i.u.g.PublishedGradleVersions - Gradle version information cache is out-of-date. Trying to update.
2024-03-08 19:03:30,403 [Worker-7: Loading available Gradle versions] INFO  o.e.b.c.i.u.g.PublishedGradleVersions - Gradle version information cache is up-to-date. Trying to read.
2024-03-09 16:01:54,696 [Worker-4: Loading available Gradle versions] INFO  o.e.b.c.i.u.g.PublishedGradleVersions - Gradle version information cache is up-to-date. Trying to read.
2024-03-23 19:36:40,528 [Worker-1: Loading available Gradle versions] INFO  o.e.b.c.i.u.g.PublishedGradleVersions - Gradle version information cache is up-to-date. Trying to read.
2024-06-01 10:59:51,309 [Worker-7: Loading available Gradle versions] INFO  o.e.b.c.i.u.g.PublishedGradleVersions - Gradle version information cache is up-to-date. Trying to read.
2024-12-21 13:59:49,512 [Worker-4: Loading available Gradle versions] INFO  o.e.b.c.i.u.g.PublishedGradleVersions - Gradle version information cache is up-to-date. Trying to read.
2024-12-21 14:03:16,346 [Worker-20: Building] INFO  o.e.m.c.i.l.LifecycleMappingFactory - Using org.eclipse.m2e.jdt.JarLifecycleMapping lifecycle mapping for MavenProject: first:firstAtId:0.0.1-SNAPSHOT @ D:\next wave 4.0\java\Java-Code\JAVA-ADVANCE-CODE\JSP_AND_SERVLET_WorkSpace\firstAtId\pom.xml.
2024-12-21 14:03:17,154 [Worker-20: Building] WARN  o.a.m.s.f.DefaultMavenResourcesFiltering - Using platform encoding (UTF-8 actually) to copy filtered resources, i.e. build is platform dependent!
2024-12-21 14:03:17,158 [Worker-20: Building] INFO  o.a.m.s.f.DefaultMavenResourcesFiltering - Copying 0 resource from src\main\resources to target\classes
2024-12-21 14:03:17,163 [Worker-20: Building] WARN  o.a.m.s.f.DefaultMavenResourcesFiltering - Using platform encoding (UTF-8 actually) to copy filtered resources, i.e. build is platform dependent!
2024-12-21 14:03:17,164 [Worker-20: Building] INFO  o.a.m.s.f.DefaultMavenResourcesFiltering - Copying 0 resource from src\test\resources to target\test-classes
2024-12-21 14:03:17,203 [Worker-20: Updating Maven Project] INFO  o.e.m.c.i.p.ProjectConfigurationManager - Update started
2024-12-21 14:03:17,483 [Worker-20: Updating Maven Project] INFO  o.e.m.c.i.l.LifecycleMappingFactory - Using org.eclipse.m2e.jdt.JarLifecycleMapping lifecycle mapping for MavenProject: first:firstAtId:0.0.1-SNAPSHOT @ D:\next wave 4.0\java\Java-Code\JAVA-ADVANCE-CODE\JSP_AND_SERVLET_WorkSpace\firstAtId\pom.xml.
2024-12-21 14:03:17,612 [Worker-20: Updating Maven Project] INFO  o.e.m.j.i.AbstractJavaProjectConfigurator - Adding source folder /firstAtId/src/main/java
2024-12-21 14:03:17,615 [Worker-20: Updating Maven Project] INFO  o.e.m.j.i.AbstractJavaProjectConfigurator - Adding resource folder /firstAtId/src/main/resources
2024-12-21 14:03:17,616 [Worker-20: Updating Maven Project] INFO  o.e.m.j.i.AbstractJavaProjectConfigurator - Adding source folder /firstAtId/src/test/java
2024-12-21 14:03:17,616 [Worker-20: Updating Maven Project] INFO  o.e.m.j.i.AbstractJavaProjectConfigurator - Adding resource folder /firstAtId/src/test/resources
2024-12-21 14:03:17,826 [Worker-20: Updating Maven Project] INFO  o.e.m.c.i.p.ProjectConfigurationManager - Update completed for 1 poms: local refresh takes 0.00 sec, refresh facades takes 0.00 sec, update config takes 0.00 sec 
2024-12-21 14:03:18,008 [Worker-12: Building] WARN  o.a.m.s.f.DefaultMavenResourcesFiltering - Using platform encoding (UTF-8 actually) to copy filtered resources, i.e. build is platform dependent!
2024-12-21 14:03:18,010 [Worker-12: Building] INFO  o.a.m.s.f.DefaultMavenResourcesFiltering - Copying 0 resource from src\main\resources to target\classes
2024-12-21 14:03:18,015 [Worker-12: Building] WARN  o.a.m.s.f.DefaultMavenResourcesFiltering - Using platform encoding (UTF-8 actually) to copy filtered resources, i.e. build is platform dependent!
2024-12-21 14:03:18,016 [Worker-12: Building] INFO  o.a.m.s.f.DefaultMavenResourcesFiltering - Copying 0 resource from src\test\resources to target\test-classes
2024-12-21 14:03:18,543 [Worker-8: Updating Maven Dependencies] INFO  o.e.m.c.i.l.LifecycleMappingFactory - Using org.eclipse.m2e.jdt.JarLifecycleMapping lifecycle mapping for MavenProject: first:firstAtId:0.0.1-SNAPSHOT @ D:\next wave 4.0\java\Java-Code\JAVA-ADVANCE-CODE\JSP_AND_SERVLET_WorkSpace\firstAtId\pom.xml.
2024-12-21 14:05:33,235 [Worker-18: Refreshing workspace] ERROR o.e.m.j.i.l.MavenLaunchConfigurationListener - Launch configuration Test references non-existing project normal_spring.
org.eclipse.core.runtime.CoreException: Launch configuration Test references non-existing project normal_spring.
	at org.eclipse.jdt.launching.JavaRuntime.abort(JavaRuntime.java:1870)
	at org.eclipse.jdt.launching.JavaRuntime.getJavaProject(JavaRuntime.java:1747)
	at org.eclipse.m2e.jdt.internal.launch.MavenLaunchConfigurationListener.updateLaunchConfiguration(MavenLaunchConfigurationListener.java:66)
	at org.eclipse.m2e.jdt.internal.launch.MavenLaunchConfigurationListener.launchConfigurationAdded(MavenLaunchConfigurationListener.java:46)
	at org.eclipse.debug.internal.core.LaunchManager$ConfigurationNotifier.run(LaunchManager.java:213)
	at org.eclipse.core.runtime.SafeRunner.run(SafeRunner.java:47)
	at org.eclipse.debug.internal.core.LaunchManager$ConfigurationNotifier.notify(LaunchManager.java:203)
	at org.eclipse.debug.internal.core.LaunchManager.launchConfigurationAdded(LaunchManager.java:1933)
	at org.eclipse.debug.internal.core.LaunchManager.lambda$0(LaunchManager.java:580)
	at org.eclipse.core.internal.events.ResourceDelta.accept(ResourceDelta.java:77)
	at org.eclipse.core.internal.events.ResourceDelta.accept(ResourceDelta.java:87)
	at org.eclipse.core.internal.events.ResourceDelta.accept(ResourceDelta.java:87)
	at org.eclipse.core.internal.events.ResourceDelta.accept(ResourceDelta.java:87)
	at org.eclipse.core.internal.events.ResourceDelta.accept(ResourceDelta.java:87)
	at org.eclipse.core.internal.events.ResourceDelta.accept(ResourceDelta.java:87)
	at org.eclipse.core.internal.events.ResourceDelta.accept(ResourceDelta.java:87)
	at org.eclipse.core.internal.events.ResourceDelta.accept(ResourceDelta.java:61)
	at org.eclipse.debug.internal.core.LaunchManager.resourceChanged(LaunchManager.java:2081)
	at org.eclipse.core.internal.events.NotificationManager$1.run(NotificationManager.java:321)
	at org.eclipse.core.runtime.SafeRunner.run(SafeRunner.java:47)
	at org.eclipse.core.internal.events.NotificationManager.notify(NotificationManager.java:311)
	at org.eclipse.core.internal.events.NotificationManager.broadcastChanges(NotificationManager.java:174)
	at org.eclipse.core.internal.resources.Workspace.broadcastPostChange(Workspace.java:459)
	at org.eclipse.core.internal.resources.Workspace.endOperation(Workspace.java:1587)
	at org.eclipse.core.internal.resources.InternalWorkspaceJob.run(InternalWorkspaceJob.java:50)
	at org.eclipse.core.internal.jobs.Worker.run(Worker.java:63)
2024-12-21 14:05:33,240 [Worker-18: Refreshing workspace] ERROR o.e.m.j.i.l.MavenLaunchConfigurationListener - Launch configuration Test2 references non-existing project normal_spring.
org.eclipse.core.runtime.CoreException: Launch configuration Test2 references non-existing project normal_spring.
	at org.eclipse.jdt.launching.JavaRuntime.abort(JavaRuntime.java:1870)
	at org.eclipse.jdt.launching.JavaRuntime.getJavaProject(JavaRuntime.java:1747)
	at org.eclipse.m2e.jdt.internal.launch.MavenLaunchConfigurationListener.updateLaunchConfiguration(MavenLaunchConfigurationListener.java:66)
	at org.eclipse.m2e.jdt.internal.launch.MavenLaunchConfigurationListener.launchConfigurationAdded(MavenLaunchConfigurationListener.java:46)
	at org.eclipse.debug.internal.core.LaunchManager$ConfigurationNotifier.run(LaunchManager.java:213)
	at org.eclipse.core.runtime.SafeRunner.run(SafeRunner.java:47)
	at org.eclipse.debug.internal.core.LaunchManager$ConfigurationNotifier.notify(LaunchManager.java:203)
	at org.eclipse.debug.internal.core.LaunchManager.launchConfigurationAdded(LaunchManager.java:1933)
	at org.eclipse.debug.internal.core.LaunchManager.lambda$0(LaunchManager.java:580)
	at org.eclipse.core.internal.events.ResourceDelta.accept(ResourceDelta.java:77)
	at org.eclipse.core.internal.events.ResourceDelta.accept(ResourceDelta.java:87)
	at org.eclipse.core.internal.events.ResourceDelta.accept(ResourceDelta.java:87)
	at org.eclipse.core.internal.events.ResourceDelta.accept(ResourceDelta.java:87)
	at org.eclipse.core.internal.events.ResourceDelta.accept(ResourceDelta.java:87)
	at org.eclipse.core.internal.events.ResourceDelta.accept(ResourceDelta.java:87)
	at org.eclipse.core.internal.events.ResourceDelta.accept(ResourceDelta.java:87)
	at org.eclipse.core.internal.events.ResourceDelta.accept(ResourceDelta.java:61)
	at org.eclipse.debug.internal.core.LaunchManager.resourceChanged(LaunchManager.java:2081)
	at org.eclipse.core.internal.events.NotificationManager$1.run(NotificationManager.java:321)
	at org.eclipse.core.runtime.SafeRunner.run(SafeRunner.java:47)
	at org.eclipse.core.internal.events.NotificationManager.notify(NotificationManager.java:311)
	at org.eclipse.core.internal.events.NotificationManager.broadcastChanges(NotificationManager.java:174)
	at org.eclipse.core.internal.resources.Workspace.broadcastPostChange(Workspace.java:459)
	at org.eclipse.core.internal.resources.Workspace.endOperation(Workspace.java:1587)
	at org.eclipse.core.internal.resources.InternalWorkspaceJob.run(InternalWorkspaceJob.java:50)
	at org.eclipse.core.internal.jobs.Worker.run(Worker.java:63)
2024-12-21 14:05:33,704 [Worker-7: Reporting encoding changes.] ERROR o.e.m.j.i.l.MavenLaunchConfigurationListener - Launch configuration Test references non-existing project normal_spring.
org.eclipse.core.runtime.CoreException: Launch configuration Test references non-existing project normal_spring.
	at org.eclipse.jdt.launching.JavaRuntime.abort(JavaRuntime.java:1870)
	at org.eclipse.jdt.launching.JavaRuntime.getJavaProject(JavaRuntime.java:1747)
	at org.eclipse.m2e.jdt.internal.launch.MavenLaunchConfigurationListener.updateLaunchConfiguration(MavenLaunchConfigurationListener.java:66)
	at org.eclipse.m2e.jdt.internal.launch.MavenLaunchConfigurationListener.launchConfigurationChanged(MavenLaunchConfigurationListener.java:52)
	at org.eclipse.debug.internal.core.LaunchManager$ConfigurationNotifier.run(LaunchManager.java:219)
	at org.eclipse.core.runtime.SafeRunner.run(SafeRunner.java:47)
	at org.eclipse.debug.internal.core.LaunchManager$ConfigurationNotifier.notify(LaunchManager.java:203)
	at org.eclipse.debug.internal.core.LaunchManager.launchConfigurationChanged(LaunchManager.java:1960)
	at org.eclipse.debug.internal.core.LaunchManager.lambda$0(LaunchManager.java:586)
	at org.eclipse.core.internal.events.ResourceDelta.accept(ResourceDelta.java:77)
	at org.eclipse.core.internal.events.ResourceDelta.accept(ResourceDelta.java:87)
	at org.eclipse.core.internal.events.ResourceDelta.accept(ResourceDelta.java:87)
	at org.eclipse.core.internal.events.ResourceDelta.accept(ResourceDelta.java:87)
	at org.eclipse.core.internal.events.ResourceDelta.accept(ResourceDelta.java:87)
	at org.eclipse.core.internal.events.ResourceDelta.accept(ResourceDelta.java:87)
	at org.eclipse.core.internal.events.ResourceDelta.accept(ResourceDelta.java:87)
	at org.eclipse.core.internal.events.ResourceDelta.accept(ResourceDelta.java:61)
	at org.eclipse.debug.internal.core.LaunchManager.resourceChanged(LaunchManager.java:2081)
	at org.eclipse.core.internal.events.NotificationManager$1.run(NotificationManager.java:321)
	at org.eclipse.core.runtime.SafeRunner.run(SafeRunner.java:47)
	at org.eclipse.core.internal.events.NotificationManager.notify(NotificationManager.java:311)
	at org.eclipse.core.internal.events.NotificationManager.broadcastChanges(NotificationManager.java:174)
	at org.eclipse.core.internal.resources.Workspace.broadcastPostChange(Workspace.java:459)
	at org.eclipse.core.internal.resources.Workspace.endOperation(Workspace.java:1587)
	at org.eclipse.core.internal.resources.CharsetDeltaJob.run(CharsetDeltaJob.java:216)
	at org.eclipse.core.internal.jobs.Worker.run(Worker.java:63)
2024-12-21 14:05:33,706 [Worker-7: Reporting encoding changes.] ERROR o.e.m.j.i.l.MavenLaunchConfigurationListener - Launch configuration Test2 references non-existing project normal_spring.
org.eclipse.core.runtime.CoreException: Launch configuration Test2 references non-existing project normal_spring.
	at org.eclipse.jdt.launching.JavaRuntime.abort(JavaRuntime.java:1870)
	at org.eclipse.jdt.launching.JavaRuntime.getJavaProject(JavaRuntime.java:1747)
	at org.eclipse.m2e.jdt.internal.launch.MavenLaunchConfigurationListener.updateLaunchConfiguration(MavenLaunchConfigurationListener.java:66)
	at org.eclipse.m2e.jdt.internal.launch.MavenLaunchConfigurationListener.launchConfigurationChanged(MavenLaunchConfigurationListener.java:52)
	at org.eclipse.debug.internal.core.LaunchManager$ConfigurationNotifier.run(LaunchManager.java:219)
	at org.eclipse.core.runtime.SafeRunner.run(SafeRunner.java:47)
	at org.eclipse.debug.internal.core.LaunchManager$ConfigurationNotifier.notify(LaunchManager.java:203)
	at org.eclipse.debug.internal.core.LaunchManager.launchConfigurationChanged(LaunchManager.java:1960)
	at org.eclipse.debug.internal.core.LaunchManager.lambda$0(LaunchManager.java:586)
	at org.eclipse.core.internal.events.ResourceDelta.accept(ResourceDelta.java:77)
	at org.eclipse.core.internal.events.ResourceDelta.accept(ResourceDelta.java:87)
	at org.eclipse.core.internal.events.ResourceDelta.accept(ResourceDelta.java:87)
	at org.eclipse.core.internal.events.ResourceDelta.accept(ResourceDelta.java:87)
	at org.eclipse.core.internal.events.ResourceDelta.accept(ResourceDelta.java:87)
	at org.eclipse.core.internal.events.ResourceDelta.accept(ResourceDelta.java:87)
	at org.eclipse.core.internal.events.ResourceDelta.accept(ResourceDelta.java:87)
	at org.eclipse.core.internal.events.ResourceDelta.accept(ResourceDelta.java:61)
	at org.eclipse.debug.internal.core.LaunchManager.resourceChanged(LaunchManager.java:2081)
	at org.eclipse.core.internal.events.NotificationManager$1.run(NotificationManager.java:321)
	at org.eclipse.core.runtime.SafeRunner.run(SafeRunner.java:47)
	at org.eclipse.core.internal.events.NotificationManager.notify(NotificationManager.java:311)
	at org.eclipse.core.internal.events.NotificationManager.broadcastChanges(NotificationManager.java:174)
	at org.eclipse.core.internal.resources.Workspace.broadcastPostChange(Workspace.java:459)
	at org.eclipse.core.internal.resources.Workspace.endOperation(Workspace.java:1587)
	at org.eclipse.core.internal.resources.CharsetDeltaJob.run(CharsetDeltaJob.java:216)
	at org.eclipse.core.internal.jobs.Worker.run(Worker.java:63)
